<?xml version="1.0" encoding="UTF-8"?>
<!-- Generated by org.testng.reporters.JUnitReportReporter -->
<testsuite hostname="Enoch-QA" failures="0" tests="2" name="tests.TestHomePage" time="20.319" errors="0" timestamp="2023-10-06T15:13:57 IST" skipped="0">
  <testcase classname="tests.TestHomePage" name="testBanner" time="5.346"/>
  <system-out/>
  <testcase classname="tests.TestHomePage" name="testVideo" time="14.973"/>
  <system-out/>
</testsuite> <!-- tests.TestHomePage -->
